Chapter14/app/build/outputs/logs/manifest-merger-debug-report.txt
-- Merging decision tree log ---
manifest
ADDED from src/main/AndroidManifest.xml:2:1-159:12
	package
		ADDED from src/main/AndroidManifest.xml:3:5-48
		INJECTED from src/main/AndroidManifest.xml
		INJECTED from src/main/AndroidManifest.xml
	android:versionName
		ADDED from src/main/AndroidManifest.xml:5:5-30
	android:versionCode
		ADDED from src/main/AndroidManifest.xml:4:5-28
		INJECTED from src/main/AndroidManifest.xml
		INJECTED from src/main/AndroidManifest.xml
	xmlns:android
		ADDED from src/main/AndroidManifest.xml:2:11-69
uses-feature#android.hardware.camera
ADDED from src/main/AndroidManifest.xml:7:5-60
	android:name
		ADDED from src/main/AndroidManifest.xml:7:19-57
uses-feature#android.hardware.camera.autofocus
ADDED from src/main/AndroidManifest.xml:8:5-70
	android:name
		ADDED from src/main/AndroidManifest.xml:8:19-67
uses-permission#android.permission.INTERNET
ADDED from src/main/AndroidManifest.xml:10:5-67
	android:name
		ADDED from src/main/AndroidManifest.xml:10:22-64
uses-permission#android.permission.CAMERA
ADDED from src/main/AndroidManifest.xml:11:5-65
	android:name
		ADDED from src/main/AndroidManifest.xml:11:22-62
uses-permission#android.permission.WRITE_EXTERNAL_STORAGE
ADDED from src/main/AndroidManifest.xml:12:5-81
	android:name
		ADDED from src/main/AndroidManifest.xml:12:22-78
uses-permission#android.permission.READ_PHONE_STATE
ADDED from src/main/AndroidManifest.xml:13:5-75
	android:name
		ADDED from src/main/AndroidManifest.xml:13:22-72
uses-permission#android.permission.ACCESS_FINE_LOCATION
ADDED from src/main/AndroidManifest.xml:14:5-79
	android:name
		ADDED from src/main/AndroidManifest.xml:14:22-76
uses-permission#android.permission.ACCESS_MOCK_LOCATION
ADDED from src/main/AndroidManifest.xml:15:5-79
	android:name
		ADDED from src/main/AndroidManifest.xml:15:22-76
uses-permission#android.permission.ACCESS_COARSE_LOCATION
ADDED from src/main/AndroidManifest.xml:17:5-81
	android:name
		ADDED from src/main/AndroidManifest.xml:17:22-78
uses-permission#android.permission.READ_CALENDAR
ADDED from src/main/AndroidManifest.xml:18:5-72
	android:name
		ADDED from src/main/AndroidManifest.xml:18:22-69
uses-permission#android.permission.WRITE_CALENDAR
ADDED from src/main/AndroidManifest.xml:19:5-73
	android:name
		ADDED from src/main/AndroidManifest.xml:19:22-70
uses-permission#com.android.alarm.permission.SET_ALARM
ADDED from src/main/AndroidManifest.xml:20:5-78
	android:name
		ADDED from src/main/AndroidManifest.xml:20:22-75
uses-sdk
ADDED from src/main/AndroidManifest.xml:22:5-24:41
	android:targetSdkVersion
		ADDED from src/main/AndroidManifest.xml:24:9-38
		INJECTED from src/main/AndroidManifest.xml
		INJECTED from src/main/AndroidManifest.xml
	android:minSdkVersion
		ADDED from src/main/AndroidManifest.xml:23:9-35
		INJECTED from src/main/AndroidManifest.xml
		INJECTED from src/main/AndroidManifest.xml
application
ADDED from src/main/AndroidManifest.xml:26:5-157:19
	android:label
		ADDED from src/main/AndroidManifest.xml:29:9-41
	android:allowBackup
		ADDED from src/main/AndroidManifest.xml:27:9-35
	android:icon
		ADDED from src/main/AndroidManifest.xml:28:9-45
	android:theme
		ADDED from src/main/AndroidManifest.xml:30:9-40
activity#jp.co.se.android.recipe.common.MainActivity
ADDED from src/main/AndroidManifest.xml:31:9-39:20
	android:label
		ADDED from src/main/AndroidManifest.xml:33:13-45
	android:name
		ADDED from src/main/AndroidManifest.xml:32:13-71
intent-filter#android.intent.action.MAIN+android.intent.category.LAUNCHER
ADDED from src/main/AndroidManifest.xml:34:13-38:29
action#android.intent.action.MAIN
ADDED from src/main/AndroidManifest.xml:35:17-69
	android:name
		ADDED from src/main/AndroidManifest.xml:35:25-66
category#android.intent.category.LAUNCHER
ADDED from src/main/AndroidManifest.xml:37:17-77
	android:name
		ADDED from src/main/AndroidManifest.xml:37:27-74
activity#jp.co.se.android.recipe.chapter14.Ch1401
ADDED from src/main/AndroidManifest.xml:40:9-48:20
	android:label
		ADDED from src/main/AndroidManifest.xml:42:13-47
	android:name
		ADDED from src/main/AndroidManifest.xml:41:13-35
intent-filter#android.intent.action.MAIN+android.intent.category.SAMPLE_CODE
ADDED from src/main/AndroidManifest.xml:43:13-47:29
category#android.intent.category.SAMPLE_CODE
ADDED from src/main/AndroidManifest.xml:46:17-80
	android:name
		ADDED from src/main/AndroidManifest.xml:46:27-77
activity#jp.co.se.android.recipe.chapter14.Ch1402
ADDED from src/main/AndroidManifest.xml:49:9-57:20
	android:label
		ADDED from src/main/AndroidManifest.xml:51:13-47
	android:name
		ADDED from src/main/AndroidManifest.xml:50:13-35
activity#jp.co.se.android.recipe.chapter14.Ch1403
ADDED from src/main/AndroidManifest.xml:58:9-66:20
	android:label
		ADDED from src/main/AndroidManifest.xml:60:13-47
	android:name
		ADDED from src/main/AndroidManifest.xml:59:13-35
activity#jp.co.se.android.recipe.chapter14.Ch1404
ADDED from src/main/AndroidManifest.xml:67:9-75:20
	android:label
		ADDED from src/main/AndroidManifest.xml:69:13-47
	android:name
		ADDED from src/main/AndroidManifest.xml:68:13-35
activity#jp.co.se.android.recipe.chapter14.Ch1405
ADDED from src/main/AndroidManifest.xml:76:9-84:20
	android:label
		ADDED from src/main/AndroidManifest.xml:78:13-47
	android:name
		ADDED from src/main/AndroidManifest.xml:77:13-35
activity#jp.co.se.android.recipe.chapter14.Ch1406
ADDED from src/main/AndroidManifest.xml:85:9-93:20
	android:label
		ADDED from src/main/AndroidManifest.xml:87:13-47
	android:name
		ADDED from src/main/AndroidManifest.xml:86:13-35
activity#jp.co.se.android.recipe.chapter14.Ch1407
ADDED from src/main/AndroidManifest.xml:94:9-102:20
	android:label
		ADDED from src/main/AndroidManifest.xml:96:13-47
	android:name
		ADDED from src/main/AndroidManifest.xml:95:13-35
activity#jp.co.se.android.recipe.chapter14.Ch1408
ADDED from src/main/AndroidManifest.xml:103:9-111:20
	android:label
		ADDED from src/main/AndroidManifest.xml:105:13-47
	android:name
		ADDED from src/main/AndroidManifest.xml:104:13-35
activity#jp.co.se.android.recipe.chapter14.Ch1409
ADDED from src/main/AndroidManifest.xml:112:9-120:20
	android:label
		ADDED from src/main/AndroidManifest.xml:114:13-47
	android:name
		ADDED from src/main/AndroidManifest.xml:113:13-35
activity#jp.co.se.android.recipe.chapter14.Ch1410
ADDED from src/main/AndroidManifest.xml:121:9-129:20
	android:label
		ADDED from src/main/AndroidManifest.xml:123:13-48
	android:name
		ADDED from src/main/AndroidManifest.xml:122:13-35
activity#jp.co.se.android.recipe.chapter14.Ch1411
ADDED from src/main/AndroidManifest.xml:130:9-138:20
	android:label
		ADDED from src/main/AndroidManifest.xml:132:13-48
	android:name
		ADDED from src/main/AndroidManifest.xml:131:13-35
activity#jp.co.se.android.recipe.chapter14.Ch1412
ADDED from src/main/AndroidManifest.xml:139:9-147:20
	android:label
		ADDED from src/main/AndroidManifest.xml:141:13-48
	android:name
		ADDED from src/main/AndroidManifest.xml:140:13-35
activity#jp.co.se.android.recipe.chapter14.Ch1413
ADDED from src/main/AndroidManifest.xml:148:9-156:20
	android:label
		ADDED from src/main/AndroidManifest.xml:150:13-48
	android:name
		ADDED from src/main/AndroidManifest.xml:149:13-35